d:\制作・開発\noengine\directx9.0\pushmo\pushmo\debug\vc141.pdb
d:\制作・開発\noengine\directx9.0\pushmo\pushmo\debug\vc141.idb
d:\制作・開発\noengine\directx9.0\pushmo\pushmo\debug\uibase.obj
d:\制作・開発\noengine\directx9.0\pushmo\pushmo\debug\gameui.obj
d:\制作・開発\noengine\directx9.0\pushmo\pushmo\debug\title.ui.obj
d:\制作・開発\noengine\directx9.0\pushmo\pushmo\debug\title.obj
d:\制作・開発\noengine\directx9.0\pushmo\pushmo\debug\wavread.obj
d:\制作・開発\noengine\directx9.0\pushmo\pushmo\debug\sound.obj
d:\制作・開発\noengine\directx9.0\pushmo\pushmo\debug\scene.obj
d:\制作・開発\noengine\directx9.0\pushmo\pushmo\debug\stage.obj
d:\制作・開発\noengine\directx9.0\pushmo\pushmo\debug\sand.obj
d:\制作・開発\noengine\directx9.0\pushmo\pushmo\debug\background.obj
d:\制作・開発\noengine\directx9.0\pushmo\pushmo\debug\player.obj
d:\制作・開発\noengine\directx9.0\pushmo\pushmo\debug\objbase.obj
d:\制作・開発\noengine\directx9.0\pushmo\pushmo\debug\enemy.obj
d:\制作・開発\noengine\directx9.0\pushmo\pushmo\debug\main.obj
d:\制作・開発\noengine\directx9.0\pushmo\pushmo\debug\game.obj
d:\制作・開発\noengine\directx9.0\pushmo\pushmo\debug\effect.obj
d:\制作・開発\noengine\directx9.0\pushmo\pushmo\debug\pot.obj
d:\制作・開発\noengine\directx9.0\pushmo\pushmo\debug\objlist.obj
d:\制作・開発\noengine\directx9.0\pushmo\pushmo\debug\result.obj
d:\制作・開発\noengine\directx9.0\pushmo\debug\pushmo.exe
d:\制作・開発\noengine\directx9.0\pushmo\debug\pushmo.ilk
d:\制作・開発\noengine\directx9.0\pushmo\debug\pushmo.pdb
d:\制作・開発\noengine\directx9.0\pushmo\pushmo\debug\pushmo.tlog\cl.command.1.tlog
d:\制作・開発\noengine\directx9.0\pushmo\pushmo\debug\pushmo.tlog\cl.read.1.tlog
d:\制作・開発\noengine\directx9.0\pushmo\pushmo\debug\pushmo.tlog\cl.write.1.tlog
d:\制作・開発\noengine\directx9.0\pushmo\pushmo\debug\pushmo.tlog\link.command.1.tlog
d:\制作・開発\noengine\directx9.0\pushmo\pushmo\debug\pushmo.tlog\link.read.1.tlog
d:\制作・開発\noengine\directx9.0\pushmo\pushmo\debug\pushmo.tlog\link.write.1.tlog
